0 info it worked if it ends with ok
1 verbose cli [ 'C:\\Program Files\\nodejs\\node.exe',
1 verbose cli   'C:\\Program Files\\nodejs\\node_modules\\npm\\bin\\npm-cli.js',
1 verbose cli   'run',
1 verbose cli   'tsc' ]
2 info using npm@3.7.3
3 info using node@v5.9.1
4 verbose run-script [ 'pretsc', 'tsc', 'posttsc' ]
5 info lifecycle HighpointWoodworksServer@0.1.0~pretsc: HighpointWoodworksServer@0.1.0
6 silly lifecycle HighpointWoodworksServer@0.1.0~pretsc: no script for pretsc, continuing
7 info lifecycle HighpointWoodworksServer@0.1.0~tsc: HighpointWoodworksServer@0.1.0
8 verbose lifecycle HighpointWoodworksServer@0.1.0~tsc: unsafe-perm in lifecycle true
9 verbose lifecycle HighpointWoodworksServer@0.1.0~tsc: PATH: C:\Program Files\nodejs\node_modules\npm\bin\node-gyp-bin;E:\Projects\HighpointWoodworksServer\node_modules\.bin;C:\Program Files\nodejs;C:\ProgramData\Oracle\Java\javapath;C:\Program Files (x86)\Intel\iCLS Client\;C:\Program Files\Intel\iCLS Client\;C:\Windows\system32;C:\Windows;C:\Windows\System32\Wbem;C:\Windows\System32\WindowsPowerShell\v1.0\;C:\Program Files\Intel\Intel(R) Management Engine Components\DAL;C:\Program Files (x86)\Intel\Intel(R) Management Engine Components\DAL;C:\Program Files\Intel\Intel(R) Management Engine Components\IPT;C:\Program Files (x86)\Intel\Intel(R) Management Engine Components\IPT;C:\Program Files (x86)\NVIDIA Corporation\PhysX\Common;C:\Program Files\Git\cmd;C:\Program Files (x86)\Skype\Phone\;C:\Program Files\nodejs\;C:\Program Files (x86)\Microsoft VS Code\bin;C:\Users\Bob\AppData\Local\atom\bin;C:\Users\Bob\AppData\Roaming\npm
10 verbose lifecycle HighpointWoodworksServer@0.1.0~tsc: CWD: E:\Projects\HighpointWoodworksServer
11 silly lifecycle HighpointWoodworksServer@0.1.0~tsc: Args: [ '/d /s /c', 'tsc' ]
12 silly lifecycle HighpointWoodworksServer@0.1.0~tsc: Returned: code: 2  signal: null
13 info lifecycle HighpointWoodworksServer@0.1.0~tsc: Failed to exec tsc script
14 verbose stack Error: HighpointWoodworksServer@0.1.0 tsc: `tsc`
14 verbose stack Exit status 2
14 verbose stack     at EventEmitter.<anonymous> (C:\Program Files\nodejs\node_modules\npm\lib\utils\lifecycle.js:239:16)
14 verbose stack     at emitTwo (events.js:100:13)
14 verbose stack     at EventEmitter.emit (events.js:185:7)
14 verbose stack     at ChildProcess.<anonymous> (C:\Program Files\nodejs\node_modules\npm\lib\utils\spawn.js:24:14)
14 verbose stack     at emitTwo (events.js:100:13)
14 verbose stack     at ChildProcess.emit (events.js:185:7)
14 verbose stack     at maybeClose (internal/child_process.js:850:16)
14 verbose stack     at Process.ChildProcess._handle.onexit (internal/child_process.js:215:5)
15 verbose pkgid HighpointWoodworksServer@0.1.0
16 verbose cwd E:\Projects\HighpointWoodworksServer
17 error Windows_NT 6.1.7601
18 error argv "C:\\Program Files\\nodejs\\node.exe" "C:\\Program Files\\nodejs\\node_modules\\npm\\bin\\npm-cli.js" "run" "tsc"
19 error node v5.9.1
20 error npm  v3.7.3
21 error code ELIFECYCLE
22 error HighpointWoodworksServer@0.1.0 tsc: `tsc`
22 error Exit status 2
23 error Failed at the HighpointWoodworksServer@0.1.0 tsc script 'tsc'.
23 error Make sure you have the latest version of node.js and npm installed.
23 error If you do, this is most likely a problem with the HighpointWoodworksServer package,
23 error not with npm itself.
23 error Tell the author that this fails on your system:
23 error     tsc
23 error You can get information on how to open an issue for this project with:
23 error     npm bugs HighpointWoodworksServer
23 error Or if that isn't available, you can get their info via:
23 error     npm owner ls HighpointWoodworksServer
23 error There is likely additional logging output above.
24 verbose exit [ 1, true ]
